<?xml version="1.0" encoding="UTF-8"?>
<testsuite xmlns:xsi="http://www.w3.org/2001/XMLSchema-instance" xsi:noNamespaceSchemaLocation="https://maven.apache.org/surefire/maven-surefire-plugin/xsd/surefire-test-report-3.0.xsd" version="3.0" name="TestRunners.TestrunnerTest" time="26.06" tests="4" errors="0" skipped="0" failures="0">
  <properties>
    <property name="gopherProxySet" value="false"/>
    <property name="awt.toolkit" value="sun.lwawt.macosx.LWCToolkit"/>
    <property name="file.encoding.pkg" value="sun.io"/>
    <property name="java.specification.version" value="1.8"/>
    <property name="sun.cpu.isalist" value=""/>
    <property name="sun.jnu.encoding" value="UTF-8"/>
    <property name="java.class.path" value="/Users/akshay.kurale/Automation/Demo/BDD_Cucumber_Selenium_Java/target/test-classes:/Users/akshay.kurale/Automation/Demo/BDD_Cucumber_Selenium_Java/target/classes:/Users/akshay.kurale/.m2/repository/com/aventstack/extentreports/5.0.4/extentreports-5.0.4.jar:/Users/akshay.kurale/.m2/repository/io/reactivex/rxjava3/rxjava/3.0.4/rxjava-3.0.4.jar:/Users/akshay.kurale/.m2/repository/org/reactivestreams/reactive-streams/1.0.3/reactive-streams-1.0.3.jar:/Users/akshay.kurale/.m2/repository/org/freemarker/freemarker/2.3.30/freemarker-2.3.30.jar:/Users/akshay.kurale/.m2/repository/org/projectlombok/lombok/1.18.12/lombok-1.18.12.jar:/Users/akshay.kurale/.m2/repository/com/google/code/gson/gson/2.8.6/gson-2.8.6.jar:/Users/akshay.kurale/.m2/repository/com/google/guava/guava/29.0-jre/guava-29.0-jre.jar:/Users/akshay.kurale/.m2/repository/com/google/guava/failureaccess/1.0.1/failureaccess-1.0.1.jar:/Users/akshay.kurale/.m2/repository/com/google/guava/listenablefuture/9999.0-empty-to-avoid-conflict-with-guava/listenablefuture-9999.0-empty-to-avoid-conflict-with-guava.jar:/Users/akshay.kurale/.m2/repository/com/google/code/findbugs/jsr305/3.0.2/jsr305-3.0.2.jar:/Users/akshay.kurale/.m2/repository/org/checkerframework/checker-qual/2.11.1/checker-qual-2.11.1.jar:/Users/akshay.kurale/.m2/repository/com/google/errorprone/error_prone_annotations/2.3.4/error_prone_annotations-2.3.4.jar:/Users/akshay.kurale/.m2/repository/com/google/j2objc/j2objc-annotations/1.3/j2objc-annotations-1.3.jar:/Users/akshay.kurale/.m2/repository/org/apache/commons/commons-csv/1.8/commons-csv-1.8.jar:/Users/akshay.kurale/.m2/repository/org/apache/poi/poi/4.1.2/poi-4.1.2.jar:/Users/akshay.kurale/.m2/repository/commons-codec/commons-codec/1.13/commons-codec-1.13.jar:/Users/akshay.kurale/.m2/repository/org/apache/commons/commons-collections4/4.4/commons-collections4-4.4.jar:/Users/akshay.kurale/.m2/repository/org/apache/commons/commons-math3/3.6.1/commons-math3-3.6.1.jar:/Users/akshay.kurale/.m2/repository/com/zaxxer/SparseBitSet/1.2/SparseBitSet-1.2.jar:/Users/akshay.kurale/.m2/repository/org/seleniumhq/selenium/selenium-java/3.141.59/selenium-java-3.141.59.jar:/Users/akshay.kurale/.m2/repository/org/seleniumhq/selenium/selenium-api/3.141.59/selenium-api-3.141.59.jar:/Users/akshay.kurale/.m2/repository/org/seleniumhq/selenium/selenium-chrome-driver/3.141.59/selenium-chrome-driver-3.141.59.jar:/Users/akshay.kurale/.m2/repository/org/seleniumhq/selenium/selenium-edge-driver/3.141.59/selenium-edge-driver-3.141.59.jar:/Users/akshay.kurale/.m2/repository/org/seleniumhq/selenium/selenium-firefox-driver/3.141.59/selenium-firefox-driver-3.141.59.jar:/Users/akshay.kurale/.m2/repository/org/seleniumhq/selenium/selenium-ie-driver/3.141.59/selenium-ie-driver-3.141.59.jar:/Users/akshay.kurale/.m2/repository/org/seleniumhq/selenium/selenium-opera-driver/3.141.59/selenium-opera-driver-3.141.59.jar:/Users/akshay.kurale/.m2/repository/org/seleniumhq/selenium/selenium-remote-driver/3.141.59/selenium-remote-driver-3.141.59.jar:/Users/akshay.kurale/.m2/repository/org/seleniumhq/selenium/selenium-safari-driver/3.141.59/selenium-safari-driver-3.141.59.jar:/Users/akshay.kurale/.m2/repository/org/seleniumhq/selenium/selenium-support/3.141.59/selenium-support-3.141.59.jar:/Users/akshay.kurale/.m2/repository/net/bytebuddy/byte-buddy/1.8.15/byte-buddy-1.8.15.jar:/Users/akshay.kurale/.m2/repository/org/apache/commons/commons-exec/1.3/commons-exec-1.3.jar:/Users/akshay.kurale/.m2/repository/com/squareup/okhttp3/okhttp/3.11.0/okhttp-3.11.0.jar:/Users/akshay.kurale/.m2/repository/com/squareup/okio/okio/1.14.0/okio-1.14.0.jar:/Users/akshay.kurale/.m2/repository/io/cucumber/cucumber-java/6.10.4/cucumber-java-6.10.4.jar:/Users/akshay.kurale/.m2/repository/io/cucumber/cucumber-core/6.10.4/cucumber-core-6.10.4.jar:/Users/akshay.kurale/.m2/repository/io/cucumber/cucumber-gherkin/6.10.4/cucumber-gherkin-6.10.4.jar:/Users/akshay.kurale/.m2/repository/io/cucumber/cucumber-gherkin-messages/6.10.4/cucumber-gherkin-messages-6.10.4.jar:/Users/akshay.kurale/.m2/repository/io/cucumber/messages/15.0.0/messages-15.0.0.jar:/Users/akshay.kurale/.m2/repository/io/cucumber/tag-expressions/3.0.1/tag-expressions-3.0.1.jar:/Users/akshay.kurale/.m2/repository/io/cucumber/cucumber-expressions/10.3.0/cucumber-expressions-10.3.0.jar:/Users/akshay.kurale/.m2/repository/io/cucumber/datatable/3.5.0/datatable-3.5.0.jar:/Users/akshay.kurale/.m2/repository/io/cucumber/cucumber-plugin/6.10.4/cucumber-plugin-6.10.4.jar:/Users/akshay.kurale/.m2/repository/io/cucumber/docstring/6.10.4/docstring-6.10.4.jar:/Users/akshay.kurale/.m2/repository/io/cucumber/html-formatter/13.0.0/html-formatter-13.0.0.jar:/Users/akshay.kurale/.m2/repository/io/cucumber/create-meta/4.0.0/create-meta-4.0.0.jar:/Users/akshay.kurale/.m2/repository/org/apiguardian/apiguardian-api/1.1.1/apiguardian-api-1.1.1.jar:/Users/akshay.kurale/.m2/repository/org/apache/poi/poi-ooxml/4.1.0/poi-ooxml-4.1.0.jar:/Users/akshay.kurale/.m2/repository/org/apache/poi/poi-ooxml-schemas/4.1.0/poi-ooxml-schemas-4.1.0.jar:/Users/akshay.kurale/.m2/repository/org/apache/xmlbeans/xmlbeans/3.1.0/xmlbeans-3.1.0.jar:/Users/akshay.kurale/.m2/repository/org/apache/commons/commons-compress/1.18/commons-compress-1.18.jar:/Users/akshay.kurale/.m2/repository/com/github/virtuald/curvesapi/1.06/curvesapi-1.06.jar:/Users/akshay.kurale/.m2/repository/io/qameta/allure/allure-cucumber5-jvm/2.14.0/allure-cucumber5-jvm-2.14.0.jar:/Users/akshay.kurale/.m2/repository/io/qameta/allure/allure-java-commons/2.14.0/allure-java-commons-2.14.0.jar:/Users/akshay.kurale/.m2/repository/org/slf4j/slf4j-api/1.7.30/slf4j-api-1.7.30.jar:/Users/akshay.kurale/.m2/repository/io/qameta/allure/allure-model/2.14.0/allure-model-2.14.0.jar:/Users/akshay.kurale/.m2/repository/com/fasterxml/jackson/core/jackson-databind/2.12.3/jackson-databind-2.12.3.jar:/Users/akshay.kurale/.m2/repository/com/fasterxml/jackson/core/jackson-annotations/2.12.3/jackson-annotations-2.12.3.jar:/Users/akshay.kurale/.m2/repository/com/fasterxml/jackson/core/jackson-core/2.12.3/jackson-core-2.12.3.jar:/Users/akshay.kurale/.m2/repository/org/apache/tika/tika-core/1.26/tika-core-1.26.jar:/Users/akshay.kurale/.m2/repository/org/jooq/joor-java-8/0.9.14/joor-java-8-0.9.14.jar:/Users/akshay.kurale/.m2/repository/io/cucumber/gherkin/5.1.0/gherkin-5.1.0.jar:/Users/akshay.kurale/.m2/repository/io/cucumber/gherkin-jvm-deps/1.0.4/gherkin-jvm-deps-1.0.4.jar:/Users/akshay.kurale/.m2/repository/io/cucumber/cucumber-junit/6.10.4/cucumber-junit-6.10.4.jar:/Users/akshay.kurale/.m2/repository/io/qameta/allure/allure-junit4/2.14.0/allure-junit4-2.14.0.jar:/Users/akshay.kurale/.m2/repository/junit/junit/4.13.2/junit-4.13.2.jar:/Users/akshay.kurale/.m2/repository/org/hamcrest/hamcrest-core/1.3/hamcrest-core-1.3.jar:/Users/akshay.kurale/.m2/repository/tech/grasshopper/extentreports-cucumber5-adapter/2.8.2/extentreports-cucumber5-adapter-2.8.2.jar:/Users/akshay.kurale/.m2/repository/com/aventstack/klov-reporter/5.0.6/klov-reporter-5.0.6.jar:/Users/akshay.kurale/.m2/repository/org/mongodb/bson/3.6.4/bson-3.6.4.jar:/Users/akshay.kurale/.m2/repository/org/apache/httpcomponents/httpclient/4.5.2/httpclient-4.5.2.jar:/Users/akshay.kurale/.m2/repository/org/apache/httpcomponents/httpcore/4.4.4/httpcore-4.4.4.jar:/Users/akshay.kurale/.m2/repository/commons-logging/commons-logging/1.2/commons-logging-1.2.jar:/Users/akshay.kurale/.m2/repository/org/apache/httpcomponents/httpmime/4.5.2/httpmime-4.5.2.jar:/Users/akshay.kurale/.m2/repository/tech/grasshopper/extent-pdf-report/1.7.2/extent-pdf-report-1.7.2.jar:/Users/akshay.kurale/.m2/repository/tech/grasshopper/cucumber-pdf-report/2.2.3/cucumber-pdf-report-2.2.3.jar:/Users/akshay.kurale/.m2/repository/org/apache/pdfbox/pdfbox/2.0.22/pdfbox-2.0.22.jar:/Users/akshay.kurale/.m2/repository/org/apache/pdfbox/fontbox/2.0.22/fontbox-2.0.22.jar:/Users/akshay.kurale/.m2/repository/org/knowm/xchart/xchart/3.8.0/xchart-3.8.0.jar:/Users/akshay.kurale/.m2/repository/de/erichseifert/vectorgraphics2d/VectorGraphics2D/0.13/VectorGraphics2D-0.13.jar:/Users/akshay.kurale/.m2/repository/de/rototor/pdfbox/graphics2d/0.30/graphics2d-0.30.jar:/Users/akshay.kurale/.m2/repository/com/madgag/animated-gif-lib/1.4/animated-gif-lib-1.4.jar:/Users/akshay.kurale/.m2/repository/org/yaml/snakeyaml/1.28/snakeyaml-1.28.jar:/Users/akshay.kurale/.m2/repository/tech/grasshopper/table-layout/1.2.0/table-layout-1.2.0.jar:/Users/akshay.kurale/.m2/repository/org/jsoup/jsoup/1.13.1/jsoup-1.13.1.jar:/Users/akshay.kurale/.m2/repository/org/mongodb/mongodb-driver/3.3.0/mongodb-driver-3.3.0.jar:/Users/akshay.kurale/.m2/repository/org/mongodb/mongodb-driver-core/3.3.0/mongodb-driver-core-3.3.0.jar:/Users/akshay.kurale/.m2/repository/org/aspectj/aspectjweaver/1.8.10/aspectjweaver-1.8.10.jar:"/>
    <property name="java.vm.vendor" value="Oracle Corporation"/>
    <property name="sun.arch.data.model" value="64"/>
    <property name="java.vendor.url" value="http://java.oracle.com/"/>
    <property name="user.timezone" value=""/>
    <property name="java.vm.specification.version" value="1.8"/>
    <property name="os.name" value="Mac OS X"/>
    <property name="user.country" value="IN"/>
    <property name="sun.java.launcher" value="SUN_STANDARD"/>
    <property name="allure.link.issue.pattern" value="https://example.org/browse/{allure.results.directory}"/>
    <property name="sun.boot.library.path" value="/Library/Java/JavaVirtualMachines/jdk1.8.0_291.jdk/Contents/Home/jre/lib"/>
    <property name="sun.java.command" value="/Users/akshay.kurale/Automation/Demo/BDD_Cucumber_Selenium_Java/target/surefire/surefirebooter8851460099018161211.jar /Users/akshay.kurale/Automation/Demo/BDD_Cucumber_Selenium_Java/target/surefire 2021-07-10T13-29-57_308-jvmRun1 surefire834104400255301072tmp surefire_02098778463999911293tmp"/>
    <property name="http.nonProxyHosts" value="local|*.local|169.254/16|*.169.254/16"/>
    <property name="surefire.test.class.path" value="/Users/akshay.kurale/Automation/Demo/BDD_Cucumber_Selenium_Java/target/test-classes:/Users/akshay.kurale/Automation/Demo/BDD_Cucumber_Selenium_Java/target/classes:/Users/akshay.kurale/.m2/repository/com/aventstack/extentreports/5.0.4/extentreports-5.0.4.jar:/Users/akshay.kurale/.m2/repository/io/reactivex/rxjava3/rxjava/3.0.4/rxjava-3.0.4.jar:/Users/akshay.kurale/.m2/repository/org/reactivestreams/reactive-streams/1.0.3/reactive-streams-1.0.3.jar:/Users/akshay.kurale/.m2/repository/org/freemarker/freemarker/2.3.30/freemarker-2.3.30.jar:/Users/akshay.kurale/.m2/repository/org/projectlombok/lombok/1.18.12/lombok-1.18.12.jar:/Users/akshay.kurale/.m2/repository/com/google/code/gson/gson/2.8.6/gson-2.8.6.jar:/Users/akshay.kurale/.m2/repository/com/google/guava/guava/29.0-jre/guava-29.0-jre.jar:/Users/akshay.kurale/.m2/repository/com/google/guava/failureaccess/1.0.1/failureaccess-1.0.1.jar:/Users/akshay.kurale/.m2/repository/com/google/guava/listenablefuture/9999.0-empty-to-avoid-conflict-with-guava/listenablefuture-9999.0-empty-to-avoid-conflict-with-guava.jar:/Users/akshay.kurale/.m2/repository/com/google/code/findbugs/jsr305/3.0.2/jsr305-3.0.2.jar:/Users/akshay.kurale/.m2/repository/org/checkerframework/checker-qual/2.11.1/checker-qual-2.11.1.jar:/Users/akshay.kurale/.m2/repository/com/google/errorprone/error_prone_annotations/2.3.4/error_prone_annotations-2.3.4.jar:/Users/akshay.kurale/.m2/repository/com/google/j2objc/j2objc-annotations/1.3/j2objc-annotations-1.3.jar:/Users/akshay.kurale/.m2/repository/org/apache/commons/commons-csv/1.8/commons-csv-1.8.jar:/Users/akshay.kurale/.m2/repository/org/apache/poi/poi/4.1.2/poi-4.1.2.jar:/Users/akshay.kurale/.m2/repository/commons-codec/commons-codec/1.13/commons-codec-1.13.jar:/Users/akshay.kurale/.m2/repository/org/apache/commons/commons-collections4/4.4/commons-collections4-4.4.jar:/Users/akshay.kurale/.m2/repository/org/apache/commons/commons-math3/3.6.1/commons-math3-3.6.1.jar:/Users/akshay.kurale/.m2/repository/com/zaxxer/SparseBitSet/1.2/SparseBitSet-1.2.jar:/Users/akshay.kurale/.m2/repository/org/seleniumhq/selenium/selenium-java/3.141.59/selenium-java-3.141.59.jar:/Users/akshay.kurale/.m2/repository/org/seleniumhq/selenium/selenium-api/3.141.59/selenium-api-3.141.59.jar:/Users/akshay.kurale/.m2/repository/org/seleniumhq/selenium/selenium-chrome-driver/3.141.59/selenium-chrome-driver-3.141.59.jar:/Users/akshay.kurale/.m2/repository/org/seleniumhq/selenium/selenium-edge-driver/3.141.59/selenium-edge-driver-3.141.59.jar:/Users/akshay.kurale/.m2/repository/org/seleniumhq/selenium/selenium-firefox-driver/3.141.59/selenium-firefox-driver-3.141.59.jar:/Users/akshay.kurale/.m2/repository/org/seleniumhq/selenium/selenium-ie-driver/3.141.59/selenium-ie-driver-3.141.59.jar:/Users/akshay.kurale/.m2/repository/org/seleniumhq/selenium/selenium-opera-driver/3.141.59/selenium-opera-driver-3.141.59.jar:/Users/akshay.kurale/.m2/repository/org/seleniumhq/selenium/selenium-remote-driver/3.141.59/selenium-remote-driver-3.141.59.jar:/Users/akshay.kurale/.m2/repository/org/seleniumhq/selenium/selenium-safari-driver/3.141.59/selenium-safari-driver-3.141.59.jar:/Users/akshay.kurale/.m2/repository/org/seleniumhq/selenium/selenium-support/3.141.59/selenium-support-3.141.59.jar:/Users/akshay.kurale/.m2/repository/net/bytebuddy/byte-buddy/1.8.15/byte-buddy-1.8.15.jar:/Users/akshay.kurale/.m2/repository/org/apache/commons/commons-exec/1.3/commons-exec-1.3.jar:/Users/akshay.kurale/.m2/repository/com/squareup/okhttp3/okhttp/3.11.0/okhttp-3.11.0.jar:/Users/akshay.kurale/.m2/repository/com/squareup/okio/okio/1.14.0/okio-1.14.0.jar:/Users/akshay.kurale/.m2/repository/io/cucumber/cucumber-java/6.10.4/cucumber-java-6.10.4.jar:/Users/akshay.kurale/.m2/repository/io/cucumber/cucumber-core/6.10.4/cucumber-core-6.10.4.jar:/Users/akshay.kurale/.m2/repository/io/cucumber/cucumber-gherkin/6.10.4/cucumber-gherkin-6.10.4.jar:/Users/akshay.kurale/.m2/repository/io/cucumber/cucumber-gherkin-messages/6.10.4/cucumber-gherkin-messages-6.10.4.jar:/Users/akshay.kurale/.m2/repository/io/cucumber/messages/15.0.0/messages-15.0.0.jar:/Users/akshay.kurale/.m2/repository/io/cucumber/tag-expressions/3.0.1/tag-expressions-3.0.1.jar:/Users/akshay.kurale/.m2/repository/io/cucumber/cucumber-expressions/10.3.0/cucumber-expressions-10.3.0.jar:/Users/akshay.kurale/.m2/repository/io/cucumber/datatable/3.5.0/datatable-3.5.0.jar:/Users/akshay.kurale/.m2/repository/io/cucumber/cucumber-plugin/6.10.4/cucumber-plugin-6.10.4.jar:/Users/akshay.kurale/.m2/repository/io/cucumber/docstring/6.10.4/docstring-6.10.4.jar:/Users/akshay.kurale/.m2/repository/io/cucumber/html-formatter/13.0.0/html-formatter-13.0.0.jar:/Users/akshay.kurale/.m2/repository/io/cucumber/create-meta/4.0.0/create-meta-4.0.0.jar:/Users/akshay.kurale/.m2/repository/org/apiguardian/apiguardian-api/1.1.1/apiguardian-api-1.1.1.jar:/Users/akshay.kurale/.m2/repository/org/apache/poi/poi-ooxml/4.1.0/poi-ooxml-4.1.0.jar:/Users/akshay.kurale/.m2/repository/org/apache/poi/poi-ooxml-schemas/4.1.0/poi-ooxml-schemas-4.1.0.jar:/Users/akshay.kurale/.m2/repository/org/apache/xmlbeans/xmlbeans/3.1.0/xmlbeans-3.1.0.jar:/Users/akshay.kurale/.m2/repository/org/apache/commons/commons-compress/1.18/commons-compress-1.18.jar:/Users/akshay.kurale/.m2/repository/com/github/virtuald/curvesapi/1.06/curvesapi-1.06.jar:/Users/akshay.kurale/.m2/repository/io/qameta/allure/allure-cucumber5-jvm/2.14.0/allure-cucumber5-jvm-2.14.0.jar:/Users/akshay.kurale/.m2/repository/io/qameta/allure/allure-java-commons/2.14.0/allure-java-commons-2.14.0.jar:/Users/akshay.kurale/.m2/repository/org/slf4j/slf4j-api/1.7.30/slf4j-api-1.7.30.jar:/Users/akshay.kurale/.m2/repository/io/qameta/allure/allure-model/2.14.0/allure-model-2.14.0.jar:/Users/akshay.kurale/.m2/repository/com/fasterxml/jackson/core/jackson-databind/2.12.3/jackson-databind-2.12.3.jar:/Users/akshay.kurale/.m2/repository/com/fasterxml/jackson/core/jackson-annotations/2.12.3/jackson-annotations-2.12.3.jar:/Users/akshay.kurale/.m2/repository/com/fasterxml/jackson/core/jackson-core/2.12.3/jackson-core-2.12.3.jar:/Users/akshay.kurale/.m2/repository/org/apache/tika/tika-core/1.26/tika-core-1.26.jar:/Users/akshay.kurale/.m2/repository/org/jooq/joor-java-8/0.9.14/joor-java-8-0.9.14.jar:/Users/akshay.kurale/.m2/repository/io/cucumber/gherkin/5.1.0/gherkin-5.1.0.jar:/Users/akshay.kurale/.m2/repository/io/cucumber/gherkin-jvm-deps/1.0.4/gherkin-jvm-deps-1.0.4.jar:/Users/akshay.kurale/.m2/repository/io/cucumber/cucumber-junit/6.10.4/cucumber-junit-6.10.4.jar:/Users/akshay.kurale/.m2/repository/io/qameta/allure/allure-junit4/2.14.0/allure-junit4-2.14.0.jar:/Users/akshay.kurale/.m2/repository/junit/junit/4.13.2/junit-4.13.2.jar:/Users/akshay.kurale/.m2/repository/org/hamcrest/hamcrest-core/1.3/hamcrest-core-1.3.jar:/Users/akshay.kurale/.m2/repository/tech/grasshopper/extentreports-cucumber5-adapter/2.8.2/extentreports-cucumber5-adapter-2.8.2.jar:/Users/akshay.kurale/.m2/repository/com/aventstack/klov-reporter/5.0.6/klov-reporter-5.0.6.jar:/Users/akshay.kurale/.m2/repository/org/mongodb/bson/3.6.4/bson-3.6.4.jar:/Users/akshay.kurale/.m2/repository/org/apache/httpcomponents/httpclient/4.5.2/httpclient-4.5.2.jar:/Users/akshay.kurale/.m2/repository/org/apache/httpcomponents/httpcore/4.4.4/httpcore-4.4.4.jar:/Users/akshay.kurale/.m2/repository/commons-logging/commons-logging/1.2/commons-logging-1.2.jar:/Users/akshay.kurale/.m2/repository/org/apache/httpcomponents/httpmime/4.5.2/httpmime-4.5.2.jar:/Users/akshay.kurale/.m2/repository/tech/grasshopper/extent-pdf-report/1.7.2/extent-pdf-report-1.7.2.jar:/Users/akshay.kurale/.m2/repository/tech/grasshopper/cucumber-pdf-report/2.2.3/cucumber-pdf-report-2.2.3.jar:/Users/akshay.kurale/.m2/repository/org/apache/pdfbox/pdfbox/2.0.22/pdfbox-2.0.22.jar:/Users/akshay.kurale/.m2/repository/org/apache/pdfbox/fontbox/2.0.22/fontbox-2.0.22.jar:/Users/akshay.kurale/.m2/repository/org/knowm/xchart/xchart/3.8.0/xchart-3.8.0.jar:/Users/akshay.kurale/.m2/repository/de/erichseifert/vectorgraphics2d/VectorGraphics2D/0.13/VectorGraphics2D-0.13.jar:/Users/akshay.kurale/.m2/repository/de/rototor/pdfbox/graphics2d/0.30/graphics2d-0.30.jar:/Users/akshay.kurale/.m2/repository/com/madgag/animated-gif-lib/1.4/animated-gif-lib-1.4.jar:/Users/akshay.kurale/.m2/repository/org/yaml/snakeyaml/1.28/snakeyaml-1.28.jar:/Users/akshay.kurale/.m2/repository/tech/grasshopper/table-layout/1.2.0/table-layout-1.2.0.jar:/Users/akshay.kurale/.m2/repository/org/jsoup/jsoup/1.13.1/jsoup-1.13.1.jar:/Users/akshay.kurale/.m2/repository/org/mongodb/mongodb-driver/3.3.0/mongodb-driver-3.3.0.jar:/Users/akshay.kurale/.m2/repository/org/mongodb/mongodb-driver-core/3.3.0/mongodb-driver-core-3.3.0.jar:/Users/akshay.kurale/.m2/repository/org/aspectj/aspectjweaver/1.8.10/aspectjweaver-1.8.10.jar:"/>
    <property name="allure.results.directory" value="target/allure-results"/>
    <property name="sun.cpu.endian" value="little"/>
    <property name="user.home" value="/Users/akshay.kurale"/>
    <property name="user.language" value="en"/>
    <property name="java.specification.vendor" value="Oracle Corporation"/>
    <property name="java.home" value="/Library/Java/JavaVirtualMachines/jdk1.8.0_291.jdk/Contents/Home/jre"/>
    <property name="basedir" value="/Users/akshay.kurale/Automation/Demo/BDD_Cucumber_Selenium_Java"/>
    <property name="allure.link.tms.pattern" value="https://example.org/browse/{allure.results.directory}"/>
    <property name="file.separator" value="/"/>
    <property name="line.separator" value="&#10;"/>
    <property name="java.vm.specification.vendor" value="Oracle Corporation"/>
    <property name="java.specification.name" value="Java Platform API Specification"/>
    <property name="java.awt.graphicsenv" value="sun.awt.CGraphicsEnvironment"/>
    <property name="surefire.real.class.path" value="/Users/akshay.kurale/Automation/Demo/BDD_Cucumber_Selenium_Java/target/surefire/surefirebooter8851460099018161211.jar:/Users/akshay.kurale/.m2/repository/org/aspectj/aspectjweaver/1.8.10/aspectjweaver-1.8.10.jar"/>
    <property name="sun.boot.class.path" value="/Library/Java/JavaVirtualMachines/jdk1.8.0_291.jdk/Contents/Home/jre/lib/resources.jar:/Library/Java/JavaVirtualMachines/jdk1.8.0_291.jdk/Contents/Home/jre/lib/rt.jar:/Library/Java/JavaVirtualMachines/jdk1.8.0_291.jdk/Contents/Home/jre/lib/sunrsasign.jar:/Library/Java/JavaVirtualMachines/jdk1.8.0_291.jdk/Contents/Home/jre/lib/jsse.jar:/Library/Java/JavaVirtualMachines/jdk1.8.0_291.jdk/Contents/Home/jre/lib/jce.jar:/Library/Java/JavaVirtualMachines/jdk1.8.0_291.jdk/Contents/Home/jre/lib/charsets.jar:/Library/Java/JavaVirtualMachines/jdk1.8.0_291.jdk/Contents/Home/jre/lib/jfr.jar:/Library/Java/JavaVirtualMachines/jdk1.8.0_291.jdk/Contents/Home/jre/classes"/>
    <property name="sun.management.compiler" value="HotSpot 64-Bit Tiered Compilers"/>
    <property name="ftp.nonProxyHosts" value="local|*.local|169.254/16|*.169.254/16"/>
    <property name="java.runtime.version" value="1.8.0_291-b10"/>
    <property name="user.name" value="akshay.kurale"/>
    <property name="path.separator" value=":"/>
    <property name="os.version" value="10.16"/>
    <property name="java.endorsed.dirs" value="/Library/Java/JavaVirtualMachines/jdk1.8.0_291.jdk/Contents/Home/jre/lib/endorsed"/>
    <property name="java.runtime.name" value="Java(TM) SE Runtime Environment"/>
    <property name="file.encoding" value="US-ASCII"/>
    <property name="java.vm.name" value="Java HotSpot(TM) 64-Bit Server VM"/>
    <property name="localRepository" value="/Users/akshay.kurale/.m2/repository"/>
    <property name="cucumber.options" value="--plugin io.qameta.allure.cucumber5jvm.AllureCucumber5Jvm"/>
    <property name="java.vendor.url.bug" value="http://bugreport.sun.com/bugreport/"/>
    <property name="java.io.tmpdir" value="/var/folders/zj/1mj0fnnd3zn3g8m7zh9sdz8r0000gs/T/"/>
    <property name="java.version" value="1.8.0_291"/>
    <property name="user.dir" value="/Users/akshay.kurale/Automation/Demo/BDD_Cucumber_Selenium_Java"/>
    <property name="os.arch" value="x86_64"/>
    <property name="java.vm.specification.name" value="Java Virtual Machine Specification"/>
    <property name="java.awt.printerjob" value="sun.lwawt.macosx.CPrinterJob"/>
    <property name="sun.os.patch.level" value="unknown"/>
    <property name="java.library.path" value="/Users/akshay.kurale/Library/Java/Extensions:/Library/Java/Extensions:/Network/Library/Java/Extensions:/System/Library/Java/Extensions:/usr/lib/java:."/>
    <property name="java.vm.info" value="mixed mode"/>
    <property name="java.vendor" value="Oracle Corporation"/>
    <property name="java.vm.version" value="25.291-b10"/>
    <property name="java.ext.dirs" value="/Users/akshay.kurale/Library/Java/Extensions:/Library/Java/JavaVirtualMachines/jdk1.8.0_291.jdk/Contents/Home/jre/lib/ext:/Library/Java/Extensions:/Network/Library/Java/Extensions:/System/Library/Java/Extensions:/usr/lib/java"/>
    <property name="sun.io.unicode.encoding" value="UnicodeBig"/>
    <property name="java.class.version" value="52.0"/>
    <property name="socksNonProxyHosts" value="local|*.local|169.254/16|*.169.254/16"/>
  </properties>
  <testcase name="Test search button on google search page #1" classname="Test Google Search Page" time="6.7">
    <system-out><![CDATA[
@SmokeTest
Scenario Outline: Test search button on google search page &amp#27;[90m# src/test/resources/Features/Searchtest.feature:12&amp#27;[0m
  &amp#27;[32mGiven &amp#27;[0m&amp#27;[32mUser is on Google search page&amp#27;[0m                      &amp#27;[90m# StepDefinition.Teststeps.user_is_on_google_search_page()&amp#27;[0m
  &amp#27;[32mThen &amp#27;[0m&amp#27;[32mEnter "&amp#27;[0m&amp#27;[32m&amp#27;[1mAmazon&amp#27;[0m&amp#27;[32m" to search in search box&amp#27;[0m              &amp#27;[90m# StepDefinition.Teststeps.enter_to_search_in_search_box(java.lang.String)&amp#27;[0m
  &amp#27;[32mAnd &amp#27;[0m&amp#27;[32mClick on google search button&amp#27;[0m                        &amp#27;[90m# StepDefinition.Teststeps.click_on_google_search_button()&amp#27;[0m
]]></system-out>
    <system-err><![CDATA[Starting ChromeDriver 91.0.4472.101 (af52a90bf87030dd1523486a1cd3ae25c5d76c9b-refs/branch-heads/4472@{#1462}) on port 26180
Only local connections are allowed.
Please see https://chromedriver.chromium.org/security-considerations for suggestions on keeping ChromeDriver safe.
ChromeDriver was started successfully.
Jul 10, 2021 1:30:10 PM org.openqa.selenium.remote.ProtocolHandshake createSession
INFO: Detected dialect: W3C
]]></system-err>
  </testcase>
  <testcase name="Test search button on google search page #2" classname="Test Google Search Page" time="4.46">
    <system-out><![CDATA[
@SmokeTest
Scenario Outline: Test search button on google search page &amp#27;[90m# src/test/resources/Features/Searchtest.feature:13&amp#27;[0m
  &amp#27;[32mGiven &amp#27;[0m&amp#27;[32mUser is on Google search page&amp#27;[0m                      &amp#27;[90m# StepDefinition.Teststeps.user_is_on_google_search_page()&amp#27;[0m
  &amp#27;[32mThen &amp#27;[0m&amp#27;[32mEnter "&amp#27;[0m&amp#27;[32m&amp#27;[1mFlipkart&amp#27;[0m&amp#27;[32m" to search in search box&amp#27;[0m            &amp#27;[90m# StepDefinition.Teststeps.enter_to_search_in_search_box(java.lang.String)&amp#27;[0m
  &amp#27;[32mAnd &amp#27;[0m&amp#27;[32mClick on google search button&amp#27;[0m                        &amp#27;[90m# StepDefinition.Teststeps.click_on_google_search_button()&amp#27;[0m
]]></system-out>
    <system-err><![CDATA[Starting ChromeDriver 91.0.4472.101 (af52a90bf87030dd1523486a1cd3ae25c5d76c9b-refs/branch-heads/4472@{#1462}) on port 40328
Only local connections are allowed.
Please see https://chromedriver.chromium.org/security-considerations for suggestions on keeping ChromeDriver safe.
ChromeDriver was started successfully.
Jul 10, 2021 1:30:15 PM org.openqa.selenium.remote.ProtocolHandshake createSession
INFO: Detected dialect: W3C
]]></system-err>
  </testcase>
  <testcase name="Test I feeling lucky button on google search page #1" classname="Test Google Search Page" time="6.966">
    <system-out><![CDATA[
Scenario Outline: Test I feeling lucky button on google search page &amp#27;[90m# src/test/resources/Features/Searchtest.feature:24&amp#27;[0m
  &amp#27;[32mGiven &amp#27;[0m&amp#27;[32mUser is on Google search page&amp#27;[0m                               &amp#27;[90m# StepDefinition.Teststeps.user_is_on_google_search_page()&amp#27;[0m
  &amp#27;[32mThen &amp#27;[0m&amp#27;[32mEnter "&amp#27;[0m&amp#27;[32m&amp#27;[1mUnsplash&amp#27;[0m&amp#27;[32m" to search in search box&amp#27;[0m                     &amp#27;[90m# StepDefinition.Teststeps.enter_to_search_in_search_box(java.lang.String)&amp#27;[0m
  &amp#27;[32mAnd &amp#27;[0m&amp#27;[32mClick on I am feeling lucky button&amp#27;[0m                            &amp#27;[90m# StepDefinition.Teststeps.click_on_i_am_feeling_lucky_button()&amp#27;[0m
]]></system-out>
    <system-err><![CDATA[Starting ChromeDriver 91.0.4472.101 (af52a90bf87030dd1523486a1cd3ae25c5d76c9b-refs/branch-heads/4472@{#1462}) on port 17870
Only local connections are allowed.
Please see https://chromedriver.chromium.org/security-considerations for suggestions on keeping ChromeDriver safe.
ChromeDriver was started successfully.
Jul 10, 2021 1:30:19 PM org.openqa.selenium.remote.ProtocolHandshake createSession
INFO: Detected dialect: W3C
]]></system-err>
  </testcase>
  <testcase name="Test I feeling lucky button on google search page #2" classname="Test Google Search Page" time="7.008">
    <system-out><![CDATA[
Scenario Outline: Test I feeling lucky button on google search page &amp#27;[90m# src/test/resources/Features/Searchtest.feature:25&amp#27;[0m
  &amp#27;[32mGiven &amp#27;[0m&amp#27;[32mUser is on Google search page&amp#27;[0m                               &amp#27;[90m# StepDefinition.Teststeps.user_is_on_google_search_page()&amp#27;[0m
  &amp#27;[32mThen &amp#27;[0m&amp#27;[32mEnter "&amp#27;[0m&amp#27;[32m&amp#27;[1mFlipkart&amp#27;[0m&amp#27;[32m" to search in search box&amp#27;[0m                     &amp#27;[90m# StepDefinition.Teststeps.enter_to_search_in_search_box(java.lang.String)&amp#27;[0m
  &amp#27;[32mAnd &amp#27;[0m&amp#27;[32mClick on I am feeling lucky button&amp#27;[0m                            &amp#27;[90m# StepDefinition.Teststeps.click_on_i_am_feeling_lucky_button()&amp#27;[0m
]]></system-out>
    <system-err><![CDATA[Starting ChromeDriver 91.0.4472.101 (af52a90bf87030dd1523486a1cd3ae25c5d76c9b-refs/branch-heads/4472@{#1462}) on port 15531
Only local connections are allowed.
Please see https://chromedriver.chromium.org/security-considerations for suggestions on keeping ChromeDriver safe.
ChromeDriver was started successfully.
Jul 10, 2021 1:30:26 PM org.openqa.selenium.remote.ProtocolHandshake createSession
INFO: Detected dialect: W3C
]]></system-err>
  </testcase>
</testsuite>