<?xml version="1.0" encoding="UTF-8"?>
<!-- Generated by org.testng.reporters.JUnitReportReporter -->
<testsuite skipped="0" hostname="IN-IT5238" name="TestRunners.TestrunnerTest" tests="2" failures="0" timestamp="2021-07-04T12:44:54 IST" time="9.528" errors="0">
  <testcase name="runScenario" time="5.003" classname="TestRunners.TestrunnerTest"/>
  <system-out/>
  <testcase name="runScenario" time="4.525" classname="TestRunners.TestrunnerTest"/>
  <system-out/>
</testsuite> <!-- TestRunners.TestrunnerTest -->
